[06:22:55] [ServerMain/INFO]: [bootstrap] Running Java 21 (OpenJDK 64-Bit Server VM 21.0.9+10-Ubuntu-124.04; Ubuntu null) on Linux 6.8.0-1030-azure (amd64)
[06:22:55] [ServerMain/INFO]: [bootstrap] Loading Paper 1.21.10-117-ver/1.21.10@df4b668 (2025-11-30T22:37:28Z) for Minecraft 1.21.10
[06:22:56] [ServerMain/INFO]: [PluginInitializerManager] Initializing plugins...
[06:22:57] [ServerMain/INFO]: [PluginInitializerManager] Initialized 2 plugins
[06:22:57] [ServerMain/INFO]: [PluginInitializerManager] Bukkit plugins (2):
 - Geyser-Spigot (2.9.1-SNAPSHOT), ViaVersion (5.5.2-SNAPSHOT)
[06:23:04] [ServerMain/INFO]: Environment: Environment[sessionHost=https://sessionserver.mojang.com, servicesHost=https://api.minecraftservices.com, profilesHost=https://api.mojang.com, name=PROD]
[06:23:08] [ServerMain/INFO]: Loaded 1461 recipes
[06:23:08] [ServerMain/INFO]: Loaded 1574 advancements
[06:23:08] [ServerMain/INFO]: [ca.spottedleaf.dataconverter.minecraft.datatypes.MCTypeRegistry] Initialising converters for DataConverter...
[06:23:09] [ServerMain/INFO]: [ca.spottedleaf.dataconverter.minecraft.datatypes.MCTypeRegistry] Finished initialising converters for DataConverter in 683.7ms
[06:23:09] [Server thread/INFO]: Starting minecraft server version 1.21.10
[06:23:09] [Server thread/INFO]: Loading properties
[06:23:09] [Server thread/INFO]: This server is running Paper version 1.21.10-117-ver/1.21.10@df4b668 (2025-11-30T22:37:28Z) (Implementing API version 1.21.10-R0.1-SNAPSHOT)
[06:23:09] [Server thread/INFO]: [spark] This server bundles the spark profiler. For more information please visit https://docs.papermc.io/paper/profiling
[06:23:09] [Server thread/INFO]: Server Ping Player Sample Count: 12
[06:23:09] [Server thread/INFO]: Using 4 threads for Netty based IO
[06:23:11] [Server thread/INFO]: [MoonriseCommon] Paper is using 1 worker threads, 1 I/O threads
[06:23:11] [Server thread/INFO]: Default game type: SURVIVAL
[06:23:11] [Server thread/INFO]: Generating keypair
[06:23:12] [Server thread/INFO]: Starting Minecraft server on *:25565
[06:23:12] [Server thread/INFO]: Using epoll channel type
[06:23:12] [Server thread/INFO]: Paper: Using libdeflate (Linux x86_64) compression from Velocity.
[06:23:12] [Server thread/INFO]: Paper: Using OpenSSL 3.x.x (Linux x86_64) cipher from Velocity.
[06:23:13] [Server thread/INFO]: [ViaVersion] Loading server plugin ViaVersion v5.5.2-SNAPSHOT
[06:23:13] [Server thread/INFO]: [ViaVersion] ViaVersion 5.5.2-SNAPSHOT is now loaded. Registering protocol transformers and injecting...
[06:23:13] [Via-Mappingloader-1/INFO]: [ViaVersion] Loading block connection mappings ...
[06:23:14] [Via-Mappingloader-1/INFO]: [ViaVersion] Using FastUtil Long2ObjectOpenHashMap for block connections
[06:23:14] [Server thread/INFO]: [Geyser-Spigot] Loading server plugin Geyser-Spigot v2.9.1-SNAPSHOT
[06:23:15] [Server thread/INFO]: [Geyser-Spigot] Loading extensions...
[06:23:15] [Server thread/INFO]: [Geyser-Spigot] Loaded 0 extension(s)
[06:23:15] [Server thread/INFO]: Server permissions file permissions.yml is empty, ignoring it
[06:23:15] [Server thread/WARN]: **** SERVER IS RUNNING IN OFFLINE/INSECURE MODE!
[06:23:15] [Server thread/WARN]: The server will make no attempt to authenticate usernames. Beware.
[06:23:15] [Server thread/WARN]: While this makes the game possible to play without internet access, it also opens up the ability for hackers to connect with any username they choose.
[06:23:15] [Server thread/WARN]: To change this, set "online-mode" to "true" in the server.properties file.
[06:23:15] [Server thread/INFO]: Preparing level "world"
[06:23:16] [Server thread/INFO]: Loading 0 persistent chunks for world 'minecraft:overworld'...
[06:23:16] [Server thread/INFO]: Preparing spawn area: 100%
[06:23:16] [Server thread/INFO]: Prepared spawn area in 3 ms
[06:23:16] [Server thread/INFO]: Loading 0 persistent chunks for world 'minecraft:the_nether'...
[06:23:16] [Server thread/INFO]: Prepared spawn area in 2 ms
[06:23:16] [Server thread/INFO]: Loading 0 persistent chunks for world 'minecraft:the_end'...
[06:23:16] [Server thread/INFO]: Prepared spawn area in 1 ms
[06:23:16] [Server thread/INFO]: Done preparing level "world" (0.896s)
[06:23:16] [Server thread/INFO]: [ViaVersion] Enabling ViaVersion v5.5.2-SNAPSHOT
[06:23:16] [Server thread/INFO]: [ViaVersion] ViaVersion detected server version: 1.21.9-1.21.10 (773)
[06:23:16] [Server thread/WARN]: [ViaVersion] ViaVersion does not have any compatible versions for this server version!
[06:23:16] [Server thread/WARN]: [ViaVersion] ViaVersion only supports newer client versions. Use ViaBackwards to allow older versions (ViaRewind for 1.7/1.8) to join.
[06:23:16] [Server thread/WARN]: [ViaVersion] Get setup help at https://viaversion.com/setup or download ViaBackwards/ViaRewind directly at https://ci.viaversion.com/
[06:23:16] [Server thread/WARN]: [ViaVersion] Need more help? Join our Discord at https://viaversion.com/discord
[06:23:16] [Server thread/INFO]: [Geyser-Spigot] Enabling Geyser-Spigot v2.9.1-SNAPSHOT
[06:23:20] [Server thread/INFO]: [spark] Starting background profiler...
[06:23:25] [Server thread/WARN]: [Geyser-Spigot] Unable to set up encryption! This can be caused by your internet connection or the Minecraft api being unreachable. 
java.lang.AssertionError: Unable to fetch OpenID configuration from https://authorization.franchise.minecraft-services.net/.well-known/openid-configuration
	at Geyser-Spigot.jar/org.cloudburstmc.protocol.bedrock.util.EncryptionUtils.getOpenIdConfiguration(EncryptionUtils.java:170) ~[Geyser-Spigot.jar:?]
	at Geyser-Spigot.jar/org.cloudburstmc.protocol.bedrock.util.EncryptionUtils.<clinit>(EncryptionUtils.java:62) ~[Geyser-Spigot.jar:?]
	at Geyser-Spigot.jar/org.geysermc.geyser.GeyserImpl.initialize(GeyserImpl.java:223) ~[Geyser-Spigot.jar:?]
	at Geyser-Spigot.jar/org.geysermc.geyser.GeyserImpl.start(GeyserImpl.java:897) ~[Geyser-Spigot.jar:?]
	at Geyser-Spigot.jar/org.geysermc.geyser.platform.spigot.GeyserSpigotPlugin.onGeyserEnable(GeyserSpigotPlugin.java:235) ~[Geyser-Spigot.jar:?]
	at Geyser-Spigot.jar/org.geysermc.geyser.platform.spigot.GeyserSpigotPlugin$1.onServerLoaded(GeyserSpigotPlugin.java:219) ~[Geyser-Spigot.jar:?]
	at co.aikar.timings.TimedEventExecutor.execute(TimedEventExecutor.java:80) ~[paper-api-1.21.10-R0.1-SNAPSHOT.jar:?]
	at org.bukkit.plugin.RegisteredListener.callEvent(RegisteredListener.java:71) ~[paper-api-1.21.10-R0.1-SNAPSHOT.jar:?]
	at io.papermc.paper.plugin.manager.PaperEventManager.callEvent(PaperEventManager.java:54) ~[paper-1.21.10.jar:1.21.10-117-df4b668]
	at io.papermc.paper.plugin.manager.PaperPluginManagerImpl.callEvent(PaperPluginManagerImpl.java:131) ~[paper-1.21.10.jar:1.21.10-117-df4b668]
	at org.bukkit.plugin.SimplePluginManager.callEvent(SimplePluginManager.java:628) ~[paper-api-1.21.10-R0.1-SNAPSHOT.jar:?]
	at net.minecraft.server.MinecraftServer.initPostWorld(MinecraftServer.java:645) ~[paper-1.21.10.jar:1.21.10-117-df4b668]
	at net.minecraft.server.dedicated.DedicatedServer.initServer(DedicatedServer.java:368) ~[paper-1.21.10.jar:1.21.10-117-df4b668]
	at net.minecraft.server.MinecraftServer.runServer(MinecraftServer.java:1257) ~[paper-1.21.10.jar:1.21.10-117-df4b668]
	at net.minecraft.server.MinecraftServer.lambda$spin$2(MinecraftServer.java:384) ~[paper-1.21.10.jar:1.21.10-117-df4b668]
	at java.base/java.lang.Thread.run(Thread.java:1583) ~[?:?]
Caused by: java.net.SocketTimeoutException: Connect timed out
	at java.base/sun.nio.ch.NioSocketImpl.timedFinishConnect(NioSocketImpl.java:546) ~[?:?]
	at java.base/sun.nio.ch.NioSocketImpl.connect(NioSocketImpl.java:592) ~[?:?]
	at java.base/java.net.SocksSocketImpl.connect(SocksSocketImpl.java:327) ~[?:?]
	at java.base/java.net.Socket.connect(Socket.java:751) ~[?:?]
	at java.base/sun.security.ssl.SSLSocketImpl.connect(SSLSocketImpl.java:304) ~[?:?]
	at java.base/sun.net.NetworkClient.doConnect(NetworkClient.java:178) ~[?:?]
	at java.base/sun.net.www.http.HttpClient.openServer(HttpClient.java:531) ~[?:?]
	at java.base/sun.net.www.http.HttpClient.openServer(HttpClient.java:636) ~[?:?]
	at java.base/sun.net.www.protocol.https.HttpsClient.<init>(HttpsClient.java:264) ~[?:?]
	at java.base/sun.net.www.protocol.https.HttpsClient.New(HttpsClient.java:377) ~[?:?]
	at java.base/sun.net.www.protocol.https.AbstractDelegateHttpsURLConnection.getNewHttpClient(AbstractDelegateHttpsURLConnection.java:193) ~[?:?]
	at java.base/sun.net.www.protocol.http.HttpURLConnection.plainConnect0(HttpURLConnection.java:1257) ~[?:?]
	at java.base/sun.net.www.protocol.http.HttpURLConnection.plainConnect(HttpURLConnection.java:1143) ~[?:?]
	at java.base/sun.net.www.protocol.https.AbstractDelegateHttpsURLConnection.connect(AbstractDelegateHttpsURLConnection.java:179) ~[?:?]
	at java.base/sun.net.www.protocol.https.HttpsURLConnectionImpl.connect(HttpsURLConnectionImpl.java:141) ~[?:?]
	at Geyser-Spigot.jar/org.cloudburstmc.protocol.bedrock.util.EncryptionUtils.getOpenIdConfiguration(EncryptionUtils.java:160) ~[Geyser-Spigot.jar:?]
	... 15 more
[06:23:25] [Server thread/INFO]: [Geyser-Spigot] ******************************************
[06:23:25] [Server thread/INFO]: [Geyser-Spigot] 
[06:23:25] [Server thread/INFO]: [Geyser-Spigot] Loading Geyser version 2.9.1-b999 (git-master-dbed595)
[06:23:25] [Server thread/INFO]: [Geyser-Spigot] 
[06:23:25] [Server thread/INFO]: [Geyser-Spigot] ******************************************
[06:23:33] [GeyserServer-3-1/INFO]: [Geyser-Spigot] Started Geyser on UDP port 5956
[06:23:33] [Server thread/INFO]: [Geyser-Spigot] Done (7.372s)! Run /geyser help for help!
[06:23:33] [Server thread/INFO]: Running delayed init tasks
[06:23:33] [Server thread/INFO]: Done (38.936s)! For help, type "help"
[06:23:33] [Craft Scheduler Thread - 2 - ViaVersion/INFO]: [ViaVersion] Finished mapping loading, shutting down loader executor.
[06:23:33] [Server thread/INFO]: [ViaVersion] You are running a development version of the plugin, please report any bugs to GitHub.
[06:23:48] [Server thread/INFO]: There are 0 of a max of 20 players online: 
[06:23:50] [Server thread/INFO]: TPS from last 1m, 5m, 15m: 20.0, 20.0, 20.0
[06:23:57] [Paper Async Task Handler Thread - 1/INFO]: [⚡] TPS from last 5s, 10s, 1m, 5m, 15m:
[06:23:57] [Paper Async Task Handler Thread - 1/INFO]: [⚡]  *20.0, *20.0, *20.0, *20.0, *20.0
[06:23:57] [Paper Async Task Handler Thread - 1/INFO]: [⚡] 
[06:23:57] [Paper Async Task Handler Thread - 1/INFO]: [⚡] Tick durations (min/med/95%ile/max ms) from last 10s, 1m:
[06:23:57] [Paper Async Task Handler Thread - 1/INFO]: [⚡]  0.2/0.3/0.5/18.2;  0.2/0.4/0.9/62.4
[06:23:57] [Paper Async Task Handler Thread - 1/INFO]: [⚡] 
[06:23:57] [Paper Async Task Handler Thread - 1/INFO]: [⚡] CPU usage from last 10s, 1m, 15m:
[06:23:57] [Paper Async Task Handler Thread - 1/INFO]: [⚡]  13%, 37%, 37%  (system)
[06:23:57] [Paper Async Task Handler Thread - 1/INFO]: [⚡]  1%, 26%, 26%  (process)
[06:24:06] [Server thread/INFO]: Checking version, please wait...
[06:24:06] [Thread-11/INFO]: This server is running Paper version 1.21.10-117-ver/1.21.10@df4b668 (2025-11-30T22:37:28Z) (Implementing API version 1.21.10-R0.1-SNAPSHOT)
You are running the latest version
[06:24:43] [Server thread/INFO]: Stopping the server
[06:24:43] [Server thread/INFO]: Stopping server
[06:24:43] [Server thread/INFO]: [Geyser-Spigot] Disabling Geyser-Spigot v2.9.1-SNAPSHOT
[06:24:43] [Server thread/INFO]: [Geyser-Spigot] Shutting down Geyser.
[06:24:43] [Server thread/INFO]: [Geyser-Spigot] Geyser shutdown successfully.
[06:24:43] [Server thread/INFO]: [ViaVersion] Disabling ViaVersion v5.5.2-SNAPSHOT
[06:24:43] [Server thread/INFO]: [ViaVersion] ViaVersion has been disabled; uninjected the platform and shut down the scheduler.
[06:24:43] [Server thread/INFO]: Saving players
[06:24:43] [Server thread/INFO]: Saving worlds
[06:24:43] [Server thread/INFO]: Saving chunks for level 'ServerLevel[world]'/minecraft:overworld
[06:24:43] [Server thread/INFO]: [ChunkHolderManager] Waiting 60s for chunk system to halt for world 'world'
[06:24:43] [Server thread/INFO]: [ChunkHolderManager] Halted chunk system for world 'world'
[06:24:43] [Server thread/INFO]: [ChunkHolderManager] Saving all chunkholders for world 'world'
[06:24:43] [Server thread/INFO]: [ChunkHolderManager] Saved 0 block chunks, 0 entity chunks, 0 poi chunks in world 'world' in 0.01s
[06:24:43] [Server thread/INFO]: [ChunkHolderManager] Waiting 60s for chunk I/O to halt for world 'world'
[06:24:43] [Server thread/INFO]: [ChunkHolderManager] Halted I/O scheduler for world 'world'
[06:24:43] [Server thread/INFO]: Saving chunks for level 'ServerLevel[world_nether]'/minecraft:the_nether
[06:24:43] [Server thread/INFO]: [ChunkHolderManager] Waiting 60s for chunk system to halt for world 'world_nether'
[06:24:43] [Server thread/INFO]: [ChunkHolderManager] Halted chunk system for world 'world_nether'
[06:24:43] [Server thread/INFO]: [ChunkHolderManager] Saving all chunkholders for world 'world_nether'
[06:24:43] [Server thread/INFO]: [ChunkHolderManager] Saved 0 block chunks, 0 entity chunks, 0 poi chunks in world 'world_nether' in 0.00s
[06:24:43] [Server thread/INFO]: [ChunkHolderManager] Waiting 60s for chunk I/O to halt for world 'world_nether'
[06:24:43] [Server thread/INFO]: [ChunkHolderManager] Halted I/O scheduler for world 'world_nether'
[06:24:43] [Server thread/INFO]: Saving chunks for level 'ServerLevel[world_the_end]'/minecraft:the_end
[06:24:43] [Server thread/INFO]: [ChunkHolderManager] Waiting 60s for chunk system to halt for world 'world_the_end'
[06:24:43] [Server thread/INFO]: [ChunkHolderManager] Halted chunk system for world 'world_the_end'
[06:24:43] [Server thread/INFO]: [ChunkHolderManager] Saving all chunkholders for world 'world_the_end'
[06:24:43] [Server thread/INFO]: [ChunkHolderManager] Saved 0 block chunks, 0 entity chunks, 0 poi chunks in world 'world_the_end' in 0.00s
[06:24:43] [Server thread/INFO]: [ChunkHolderManager] Waiting 60s for chunk I/O to halt for world 'world_the_end'
[06:24:43] [Server thread/INFO]: [ChunkHolderManager] Halted I/O scheduler for world 'world_the_end'
[06:24:43] [Server thread/INFO]: ThreadedAnvilChunkStorage (world): All chunks are saved
[06:24:43] [Server thread/INFO]: ThreadedAnvilChunkStorage (DIM-1): All chunks are saved
[06:24:43] [Server thread/INFO]: ThreadedAnvilChunkStorage (DIM1): All chunks are saved
[06:24:43] [Server thread/INFO]: ThreadedAnvilChunkStorage: All dimensions are saved
[06:24:43] [Server thread/INFO]: Waiting for all RegionFile I/O tasks to complete...
[06:24:43] [Server thread/INFO]: All RegionFile I/O tasks to complete
[06:24:43] [Server thread/INFO]: [MoonriseCommon] Awaiting termination of worker pool for up to 60s...
[06:24:43] [Server thread/INFO]: [MoonriseCommon] Awaiting termination of I/O pool for up to 60s...
